<?xml version="1.0" encoding="UTF-8"?>
<!-- Generated by org.testng.reporters.JUnitXMLReporter -->
<testsuite hostname="icy" ignored="0" name="Test" tests="1" failures="0" timestamp="10 Mar 2020 16:55:33 GMT" time="0.078" errors="0">
  <testcase name="@BeforeClass setup" time="0.0" classname="com.inetbanking.testcases.Baseclass">
    <failure type="org.testng.TestNGException" message="
Parameter &amp;apos;browser&amp;apos; is required by BeforeClass on method setup but has not been marked @Optional or defined
in C:\Users\Acer\eclipse-workspace\inetbankingv1\testng.xml">
      <![CDATA[org.testng.TestNGException: 
Parameter 'browser' is required by BeforeClass on method setup but has not been marked @Optional or defined
in C:\Users\Acer\eclipse-workspace\inetbankingv1\testng.xml
... Removed 23 stack frames]]>
    </failure>
  </testcase> <!-- @BeforeClass setup -->
  <testcase name="@AfterClass teardown" time="0.0" classname="com.inetbanking.testcases.Baseclass">
    <skipped/>
  </testcase> <!-- @AfterClass teardown -->
  <testcase name="logintest" time="0.0" classname="com.inetbanking.testcases.TC_Logintest_001">
    <skipped/>
  </testcase> <!-- logintest -->
</testsuite> <!-- Test -->
