<?xml version="1.0" encoding="UTF-8"?>
<!-- Generated by org.testng.reporters.JUnitReportReporter -->
<testsuite skipped="6" hostname="icy" name="com.inetbanking.testcases.TC_LoginDDT_002" tests="7" failures="0" timestamp="2021-07-14T23:56:00 IST" time="7.259" errors="1">
  <testcase name="loginDDT" time="0.000" classname="com.inetbanking.testcases.TC_LoginDDT_002">
    <skipped/>
  </testcase> <!-- loginDDT -->
  <testcase name="loginDDT" time="0.000" classname="com.inetbanking.testcases.TC_LoginDDT_002">
    <skipped/>
  </testcase> <!-- loginDDT -->
  <testcase name="loginDDT" time="0.000" classname="com.inetbanking.testcases.TC_LoginDDT_002">
    <skipped/>
  </testcase> <!-- loginDDT -->
  <testcase name="loginDDT" time="0.000" classname="com.inetbanking.testcases.TC_LoginDDT_002">
    <skipped/>
  </testcase> <!-- loginDDT -->
  <testcase name="loginDDT" time="0.000" classname="com.inetbanking.testcases.TC_LoginDDT_002">
    <skipped/>
  </testcase> <!-- loginDDT -->
  <testcase name="loginDDT" time="0.000" classname="com.inetbanking.testcases.TC_LoginDDT_002">
    <skipped/>
  </testcase> <!-- loginDDT -->
  <testcase name="setup" time="7.259" classname="com.inetbanking.testcases.TC_LoginDDT_002">
    <error type="org.openqa.selenium.SessionNotCreatedException" message="session not created: This version of ChromeDriver only supports Chrome version 89
Current browser version is 91.0.4472.124 with binary path C:\Program Files (x86)\Google\Chrome\Application\chrome.exe
Build info: version: &#039;3.14.0&#039;, revision: &#039;aacccce0&#039;, time: &#039;2018-08-02T20:19:58.91Z&#039;
System info: host: &#039;ICY&#039;, ip: &#039;192.168.191.115&#039;, os.name: &#039;Windows 10&#039;, os.arch: &#039;amd64&#039;, os.version: &#039;10.0&#039;, java.version: &#039;1.8.0_231&#039;
Driver info: driver.version: ChromeDriver
remote stacktrace: Backtrace:
	Ordinal0 [0x0018E7D3+124883]
	Ordinal0 [0x0018E7B1+124849]
	GetHandleVerifier [0x003D8688+193832]
	GetHandleVerifier [0x003F3AC5+305509]
	GetHandleVerifier [0x003F021B+291003]
	GetHandleVerifier [0x003EE0AC+282444]
	GetHandleVerifier [0x00414A90+440624]
	GetHandleVerifier [0x004147FC+439964]
	GetHandleVerifier [0x0041154B+426987]
	GetHandleVerifier [0x003F4FFD+310941]
	GetHandleVerifier [0x003F5D8E+314414]
	GetHandleVerifier [0x003F5D19+314297]
	GetHandleVerifier [0x004B31EC+1089676]
	GetHandleVerifier [0x004B17C9+1082985]
	GetHandleVerifier [0x004B13A3+1081923]
	GetHandleVerifier [0x005AD9FD+2115741]
	Ordinal0 [0x002DB82E+1488942]
	Ordinal0 [0x00275A7D+1071741]
	Ordinal0 [0x0027559B+1070491]
	Ordinal0 [0x002754B1+1070257]
	Ordinal0 [0x002AFF53+1310547]
	BaseThreadInitThunk [0x76AFFA29+25]
	RtlGetAppContainerNamedObjectPath [0x77997A7E+286]
	RtlGetAppContainerNamedObjectPath [0x77997A4E+238]
">
      <![CDATA[org.openqa.selenium.SessionNotCreatedException: session not created: This version of ChromeDriver only supports Chrome version 89
Current browser version is 91.0.4472.124 with binary path C:\Program Files (x86)\Google\Chrome\Application\chrome.exe
Build info: version: '3.14.0', revision: 'aacccce0', time: '2018-08-02T20:19:58.91Z'
System info: host: 'ICY', ip: '192.168.191.115', os.name: 'Windows 10', os.arch: 'amd64', os.version: '10.0', java.version: '1.8.0_231'
Driver info: driver.version: ChromeDriver
remote stacktrace: Backtrace:
Ordinal0 [0x0018E7D3+124883]
Ordinal0 [0x0018E7B1+124849]
GetHandleVerifier [0x003D8688+193832]
GetHandleVerifier [0x003F3AC5+305509]
GetHandleVerifier [0x003F021B+291003]
GetHandleVerifier [0x003EE0AC+282444]
GetHandleVerifier [0x00414A90+440624]
GetHandleVerifier [0x004147FC+439964]
GetHandleVerifier [0x0041154B+426987]
GetHandleVerifier [0x003F4FFD+310941]
GetHandleVerifier [0x003F5D8E+314414]
GetHandleVerifier [0x003F5D19+314297]
GetHandleVerifier [0x004B31EC+1089676]
GetHandleVerifier [0x004B17C9+1082985]
GetHandleVerifier [0x004B13A3+1081923]
GetHandleVerifier [0x005AD9FD+2115741]
Ordinal0 [0x002DB82E+1488942]
Ordinal0 [0x00275A7D+1071741]
Ordinal0 [0x0027559B+1070491]
Ordinal0 [0x002754B1+1070257]
Ordinal0 [0x002AFF53+1310547]
BaseThreadInitThunk [0x76AFFA29+25]
RtlGetAppContainerNamedObjectPath [0x77997A7E+286]
RtlGetAppContainerNamedObjectPath [0x77997A4E+238]

at sun.reflect.NativeConstructorAccessorImpl.newInstance0(Native Method)
at sun.reflect.NativeConstructorAccessorImpl.newInstance(NativeConstructorAccessorImpl.java:62)
at sun.reflect.DelegatingConstructorAccessorImpl.newInstance(DelegatingConstructorAccessorImpl.java:45)
at java.lang.reflect.Constructor.newInstance(Constructor.java:423)
at org.openqa.selenium.remote.W3CHandshakeResponse.lambda$new$0(W3CHandshakeResponse.java:57)
at org.openqa.selenium.remote.W3CHandshakeResponse.lambda$getResponseFunction$2(W3CHandshakeResponse.java:104)
at org.openqa.selenium.remote.ProtocolHandshake.lambda$createSession$0(ProtocolHandshake.java:122)
at java.util.stream.ReferencePipeline$3$1.accept(ReferencePipeline.java:193)
at java.util.Spliterators$ArraySpliterator.tryAdvance(Spliterators.java:958)
at java.util.stream.ReferencePipeline.forEachWithCancel(ReferencePipeline.java:126)
at java.util.stream.AbstractPipeline.copyIntoWithCancel(AbstractPipeline.java:499)
at java.util.stream.AbstractPipeline.copyInto(AbstractPipeline.java:486)
at java.util.stream.AbstractPipeline.wrapAndCopyInto(AbstractPipeline.java:472)
at java.util.stream.FindOps$FindOp.evaluateSequential(FindOps.java:152)
at java.util.stream.AbstractPipeline.evaluate(AbstractPipeline.java:234)
at java.util.stream.ReferencePipeline.findFirst(ReferencePipeline.java:464)
at org.openqa.selenium.remote.ProtocolHandshake.createSession(ProtocolHandshake.java:125)
at org.openqa.selenium.remote.ProtocolHandshake.createSession(ProtocolHandshake.java:73)
at org.openqa.selenium.remote.HttpCommandExecutor.execute(HttpCommandExecutor.java:136)
at org.openqa.selenium.remote.service.DriverCommandExecutor.execute(DriverCommandExecutor.java:83)
at org.openqa.selenium.remote.RemoteWebDriver.execute(RemoteWebDriver.java:548)
at org.openqa.selenium.remote.RemoteWebDriver.startSession(RemoteWebDriver.java:212)
at org.openqa.selenium.remote.RemoteWebDriver.<init>(RemoteWebDriver.java:130)
at org.openqa.selenium.chrome.ChromeDriver.<init>(ChromeDriver.java:181)
at org.openqa.selenium.chrome.ChromeDriver.<init>(ChromeDriver.java:168)
at org.openqa.selenium.chrome.ChromeDriver.<init>(ChromeDriver.java:123)
at com.inetbanking.testcases.Baseclass.setup(Baseclass.java:37)
at sun.reflect.NativeMethodAccessorImpl.invoke0(Native Method)
at sun.reflect.NativeMethodAccessorImpl.invoke(NativeMethodAccessorImpl.java:62)
at sun.reflect.DelegatingMethodAccessorImpl.invoke(DelegatingMethodAccessorImpl.java:43)
at java.lang.reflect.Method.invoke(Method.java:498)
at org.testng.internal.MethodInvocationHelper.invokeMethod(MethodInvocationHelper.java:133)
at org.testng.internal.MethodInvocationHelper.invokeMethodConsideringTimeout(MethodInvocationHelper.java:62)
at org.testng.internal.ConfigInvoker.invokeConfigurationMethod(ConfigInvoker.java:340)
at org.testng.internal.ConfigInvoker.invokeConfigurations(ConfigInvoker.java:294)
at org.testng.internal.TestMethodWorker.invokeBeforeClassMethods(TestMethodWorker.java:176)
at org.testng.internal.TestMethodWorker.run(TestMethodWorker.java:122)
at java.util.ArrayList.forEach(ArrayList.java:1257)
at org.testng.TestRunner.privateRun(TestRunner.java:770)
at org.testng.TestRunner.run(TestRunner.java:591)
at org.testng.SuiteRunner.runTest(SuiteRunner.java:402)
at org.testng.SuiteRunner.runSequentially(SuiteRunner.java:396)
at org.testng.SuiteRunner.privateRun(SuiteRunner.java:355)
at org.testng.SuiteRunner.run(SuiteRunner.java:304)
at org.testng.SuiteRunnerWorker.runSuite(SuiteRunnerWorker.java:53)
at org.testng.SuiteRunnerWorker.run(SuiteRunnerWorker.java:96)
at org.testng.TestNG.runSuitesSequentially(TestNG.java:1180)
at org.testng.TestNG.runSuitesLocally(TestNG.java:1102)
at org.testng.TestNG.runSuites(TestNG.java:1032)
at org.testng.TestNG.run(TestNG.java:1000)
at org.testng.remote.AbstractRemoteTestNG.run(AbstractRemoteTestNG.java:115)
at org.testng.remote.RemoteTestNG.initAndRun(RemoteTestNG.java:251)
at org.testng.remote.RemoteTestNG.main(RemoteTestNG.java:77)
]]>
    </error>
  </testcase> <!-- setup -->
</testsuite> <!-- com.inetbanking.testcases.TC_LoginDDT_002 -->
